        -:    0:Source:cardtest4.c
        -:    0:Graph:cardtest4.gcno
        -:    0:Data:cardtest4.gcda
        -:    0:Runs:1
        -:    0:Programs:1
        -:    1://card test 3
        -:    2://check great hall implementation
        -:    3:
        -:    4:#include "dominion.h"
        -:    5:#include "dominion_helpers.h"
        -:    6:#include <string.h>
        -:    7:#include <stdio.h>
        -:    8:#include <assert.h>
        -:    9:#include "rngs.h"
        -:   10:#include <time.h>
        -:   11:#include <stdlib.h>
        -:   12:
        1:   13:int main(){
        -:   14:  struct gameState state;
        -:   15:  struct gameState previousState;
        1:   16:  int k[10] = {adventurer, gardens, embargo, village, great_hall, mine, cutpurse,
        -:   17:	       sea_hag, tribute, smithy};
        -:   18:  int p;
        1:   19:  srand(time(0));
        -:   20:  
        -:   21:  //randomize number of players from 2-4
        1:   22:  p = (rand()%3) + 2;
        -:   23:
        1:   24:  initializeGame(p, k, rand(), &state);
        -:   25:
        1:   26:  int actions = state.numActions;
        1:   27:  int pActions = previousState.numActions;
        -:   28:  
        1:   29:  pActions = actions;
        1:   30:  cardEffect(great_hall, 0, 0, 0, &state, NULL, NULL);
        1:   31:  if (pActions == actions){
        1:   32:      printf("great hall test failed\n");
        -:   33:  }
        -:   34:  else {
    #####:   35:      printf("great hall test passed\n");
        -:   36:  } 
        -:   37:
        1:   38:  return 0;
        -:   39:}
